INFO:smsapp.functions.scheduler:handle_schedule_update function called
INFO:smsapp.functions.scheduler:Schedule list: <QuerySet [<ScheduledMessage: send_mugs - 2024-10-16 10:09:04>]>
INFO:smsapp.functions.scheduler:Scheduler state: [<Job (id=f56231309d4b4dec80289788aa0a4cc6 name=schedule_messages)>]
INFO:smsapp.functions.scheduler:Current time (localized): 2024-10-16 10:06:17.335078+05:30
INFO:smsapp.functions.scheduler:Processing schedule: send_mugs - 2024-10-16 10:09:04
INFO:smsapp.functions.scheduler:Adding job: message_30 with scheduled time: 2024-10-16 10:09:04+05:30
INFO:apscheduler.scheduler:Added job "run_scheduled_message" to job store "default"
INFO:smsapp.functions.send_messages:Scheduled message saved for campaign: send_mugs, user: varun1@gmail.com
INFO:smsapp.functions.scheduler:handle_schedule_update function called
INFO:smsapp.functions.scheduler:Schedule list: <QuerySet [<ScheduledMessage: send_mugs - 2024-10-16 10:20:59>]>
INFO:smsapp.functions.scheduler:Scheduler state: [<Job (id=3d20e9607891437ab285b108bab768ce name=schedule_messages)>]
INFO:smsapp.functions.scheduler:Current time (localized): 2024-10-16 10:17:08.573568+05:30
INFO:smsapp.functions.scheduler:Processing schedule: send_mugs - 2024-10-16 10:20:59
INFO:smsapp.functions.scheduler:Adding job: message_31 with scheduled time: 2024-10-16 10:20:59+05:30
INFO:apscheduler.scheduler:Added job "run_scheduled_message" to job store "default"
INFO:smsapp.functions.send_messages:Scheduled message saved for campaign: send_mugs, user: varun1@gmail.com
Run time of job "schedule_messages (trigger: interval[0:01:00], next run at: 2024-10-16 10:17:18 IST)" was missed by 0:00:35.254400
INFO:smsapp.functions.scheduler:handle_schedule_update function called
INFO:smsapp.functions.scheduler:Schedule list: <QuerySet [<ScheduledMessage: send_mugs - 2024-10-16 10:20:59>, <ScheduledMessage: send_mugs_new - 2024-10-16 10:25:37>]>
INFO:smsapp.functions.scheduler:Scheduler state: [<Job (id=000a2e851fac48e7aa308189742d84a5 name=schedule_messages)>]
INFO:smsapp.functions.scheduler:Current time (localized): 2024-10-16 10:22:46.194233+05:30
INFO:smsapp.functions.scheduler:Processing schedule: send_mugs - 2024-10-16 10:20:59
INFO:smsapp.functions.scheduler:Processing schedule: send_mugs_new - 2024-10-16 10:25:37
INFO:smsapp.functions.scheduler:Adding job: message_32 with scheduled time: 2024-10-16 10:25:37+05:30
INFO:apscheduler.scheduler:Added job "run_scheduled_message" to job store "default"
INFO:smsapp.functions.send_messages:Scheduled message saved for campaign: send_mugs_new, user: varun1@gmail.com
